2025-06-11 15:11:58,078 [INFO] 📦 Набор: set_1
2025-06-11 15:11:58,078 [INFO] ✅ Успешно создано заявок: 1
2025-06-11 15:11:58,078 [INFO]   - B1_C1002: заявка создана
2025-06-11 15:11:58,078 [INFO] ❌ Отказы: 9
2025-06-11 15:11:58,078 [INFO]   - B1_C1000: нет покрытия
2025-06-11 15:11:58,078 [INFO]   - B1_C1001: нет покрытия
2025-06-11 15:11:58,078 [INFO]   - B1_C1003: нет свободных портов
2025-06-11 15:11:58,078 [INFO]   - B1_C1004: нет свободных портов
2025-06-11 15:11:58,078 [INFO]   - B1_C1005: нет свободных портов
2025-06-11 15:11:58,078 [INFO]   - B1_C1006: нет свободных портов
2025-06-11 15:11:58,079 [INFO]   - B1_C1007: нет покрытия
2025-06-11 15:11:58,079 [INFO]   - B1_C1008: нет покрытия
2025-06-11 15:11:58,079 [INFO]   - B1_C1009: нет покрытия
2025-06-11 15:11:58,079 [INFO] ----------------------------------------
2025-06-11 15:11:58,079 [INFO] 📦 Набор: set_5
2025-06-11 15:11:58,079 [INFO] ✅ Успешно создано заявок: 0
2025-06-11 15:11:58,079 [INFO] ❌ Отказы: 10
2025-06-11 15:11:58,079 [INFO]   - B5_C1000: нет покрытия
2025-06-11 15:11:58,079 [INFO]   - B5_C1001: нет покрытия
2025-06-11 15:11:58,079 [INFO]   - B5_C1002: нет свободных портов
2025-06-11 15:11:58,079 [INFO]   - B5_C1003: нет покрытия
2025-06-11 15:11:58,079 [INFO]   - B5_C1004: нет покрытия
2025-06-11 15:11:58,079 [INFO]   - B5_C1005: нет покрытия
2025-06-11 15:11:58,079 [INFO]   - B5_C1006: нет покрытия
2025-06-11 15:11:58,079 [INFO]   - B5_C1007: нет свободных портов
2025-06-11 15:11:58,079 [INFO]   - B5_C1008: нет покрытия
2025-06-11 15:11:58,079 [INFO]   - B5_C1009: нет покрытия
2025-06-11 15:11:58,079 [INFO] ----------------------------------------
2025-06-11 15:11:58,079 [INFO] 📦 Набор: set_2
2025-06-11 15:11:58,079 [INFO] ✅ Успешно создано заявок: 1
2025-06-11 15:11:58,079 [INFO]   - B2_C1001: заявка создана
2025-06-11 15:11:58,079 [INFO] ❌ Отказы: 9
2025-06-11 15:11:58,079 [INFO]   - B2_C1000: нет покрытия
2025-06-11 15:11:58,079 [INFO]   - B2_C1002: нет покрытия
2025-06-11 15:11:58,079 [INFO]   - B2_C1003: нет покрытия
2025-06-11 15:11:58,079 [INFO]   - B2_C1004: нет свободных портов
2025-06-11 15:11:58,079 [INFO]   - B2_C1005: нет свободных портов
2025-06-11 15:11:58,079 [INFO]   - B2_C1006: нет покрытия
2025-06-11 15:11:58,079 [INFO]   - B2_C1007: нет свободных портов
2025-06-11 15:11:58,080 [INFO]   - B2_C1008: нет покрытия
2025-06-11 15:11:58,080 [INFO]   - B2_C1009: нет покрытия
2025-06-11 15:11:58,080 [INFO] ----------------------------------------
2025-06-11 15:11:58,080 [INFO] 📦 Набор: set_7
2025-06-11 15:11:58,080 [INFO] ✅ Успешно создано заявок: 0
2025-06-11 15:11:58,080 [INFO] ❌ Отказы: 10
2025-06-11 15:11:58,080 [INFO]   - B7_C1000: нет свободных портов
2025-06-11 15:11:58,080 [INFO]   - B7_C1001: нет свободных портов
2025-06-11 15:11:58,080 [INFO]   - B7_C1002: нет свободных портов
2025-06-11 15:11:58,080 [INFO]   - B7_C1003: нет свободных портов
2025-06-11 15:11:58,080 [INFO]   - B7_C1004: нет свободных портов
2025-06-11 15:11:58,080 [INFO]   - B7_C1005: нет покрытия
2025-06-11 15:11:58,080 [INFO]   - B7_C1006: нет покрытия
2025-06-11 15:11:58,080 [INFO]   - B7_C1007: нет свободных портов
2025-06-11 15:11:58,080 [INFO]   - B7_C1008: нет свободных портов
2025-06-11 15:11:58,080 [INFO]   - B7_C1009: нет покрытия
2025-06-11 15:11:58,080 [INFO] ----------------------------------------
2025-06-11 15:11:58,080 [INFO] 📦 Набор: set_9
2025-06-11 15:11:58,080 [INFO] ✅ Успешно создано заявок: 1
2025-06-11 15:11:58,080 [INFO]   - B9_C1004: заявка создана
2025-06-11 15:11:58,080 [INFO] ❌ Отказы: 9
2025-06-11 15:11:58,080 [INFO]   - B9_C1000: нет покрытия
2025-06-11 15:11:58,080 [INFO]   - B9_C1001: нет покрытия
2025-06-11 15:11:58,080 [INFO]   - B9_C1002: нет покрытия
2025-06-11 15:11:58,080 [INFO]   - B9_C1003: нет покрытия
2025-06-11 15:11:58,080 [INFO]   - B9_C1005: нет свободных портов
2025-06-11 15:11:58,080 [INFO]   - B9_C1006: нет покрытия
2025-06-11 15:11:58,080 [INFO]   - B9_C1007: нет свободных портов
2025-06-11 15:11:58,080 [INFO]   - B9_C1008: нет свободных портов
2025-06-11 15:11:58,080 [INFO]   - B9_C1009: нет покрытия
2025-06-11 15:11:58,080 [INFO] ----------------------------------------
2025-06-11 15:11:58,080 [INFO] 📦 Набор: set_10
2025-06-11 15:11:58,080 [INFO] ✅ Успешно создано заявок: 3
2025-06-11 15:11:58,080 [INFO]   - B10_C1002: заявка создана
2025-06-11 15:11:58,080 [INFO]   - B10_C1004: заявка создана
2025-06-11 15:11:58,080 [INFO]   - B10_C1005: заявка создана
2025-06-11 15:11:58,080 [INFO] ❌ Отказы: 7
2025-06-11 15:11:58,080 [INFO]   - B10_C1000: нет покрытия
2025-06-11 15:11:58,080 [INFO]   - B10_C1001: нет покрытия
2025-06-11 15:11:58,080 [INFO]   - B10_C1003: нет покрытия
2025-06-11 15:11:58,080 [INFO]   - B10_C1006: нет покрытия
2025-06-11 15:11:58,080 [INFO]   - B10_C1007: нет покрытия
2025-06-11 15:11:58,081 [INFO]   - B10_C1008: нет покрытия
2025-06-11 15:11:58,081 [INFO]   - B10_C1009: нет покрытия
2025-06-11 15:11:58,081 [INFO] ----------------------------------------
2025-06-11 15:11:58,081 [INFO] 📦 Набор: set_3
2025-06-11 15:11:58,081 [INFO] ✅ Успешно создано заявок: 1
2025-06-11 15:11:58,081 [INFO]   - B3_C1001: заявка создана
2025-06-11 15:11:58,081 [INFO] ❌ Отказы: 9
2025-06-11 15:11:58,081 [INFO]   - B3_C1000: нет покрытия
2025-06-11 15:11:58,081 [INFO]   - B3_C1002: нет покрытия
2025-06-11 15:11:58,081 [INFO]   - B3_C1003: нет свободных портов
2025-06-11 15:11:58,081 [INFO]   - B3_C1004: нет свободных портов
2025-06-11 15:11:58,081 [INFO]   - B3_C1005: нет покрытия
2025-06-11 15:11:58,081 [INFO]   - B3_C1006: нет покрытия
2025-06-11 15:11:58,081 [INFO]   - B3_C1007: нет свободных портов
2025-06-11 15:11:58,081 [INFO]   - B3_C1008: нет покрытия
2025-06-11 15:11:58,081 [INFO]   - B3_C1009: нет покрытия
2025-06-11 15:11:58,081 [INFO] ----------------------------------------
2025-06-11 15:11:58,081 [INFO] 📦 Набор: set_6
2025-06-11 15:11:58,081 [INFO] ✅ Успешно создано заявок: 2
2025-06-11 15:11:58,081 [INFO]   - B6_C1003: заявка создана
2025-06-11 15:11:58,081 [INFO]   - B6_C1004: заявка создана
2025-06-11 15:11:58,081 [INFO] ❌ Отказы: 8
2025-06-11 15:11:58,081 [INFO]   - B6_C1000: нет покрытия
2025-06-11 15:11:58,081 [INFO]   - B6_C1001: нет покрытия
2025-06-11 15:11:58,081 [INFO]   - B6_C1002: нет покрытия
2025-06-11 15:11:58,081 [INFO]   - B6_C1005: нет покрытия
2025-06-11 15:11:58,081 [INFO]   - B6_C1006: нет покрытия
2025-06-11 15:11:58,081 [INFO]   - B6_C1007: нет свободных портов
2025-06-11 15:11:58,081 [INFO]   - B6_C1008: нет покрытия
2025-06-11 15:11:58,081 [INFO]   - B6_C1009: нет покрытия
2025-06-11 15:11:58,081 [INFO] ----------------------------------------
2025-06-11 15:11:58,081 [INFO] 📦 Набор: set_8
2025-06-11 15:11:58,081 [INFO] ✅ Успешно создано заявок: 0
2025-06-11 15:11:58,081 [INFO] ❌ Отказы: 10
2025-06-11 15:11:58,081 [INFO]   - B8_C1000: нет свободных портов
2025-06-11 15:11:58,081 [INFO]   - B8_C1001: нет свободных портов
2025-06-11 15:11:58,081 [INFO]   - B8_C1002: нет свободных портов
2025-06-11 15:11:58,081 [INFO]   - B8_C1003: нет покрытия
2025-06-11 15:11:58,082 [INFO]   - B8_C1004: нет покрытия
2025-06-11 15:11:58,082 [INFO]   - B8_C1005: нет свободных портов
2025-06-11 15:11:58,082 [INFO]   - B8_C1006: нет покрытия
2025-06-11 15:11:58,082 [INFO]   - B8_C1007: нет свободных портов
2025-06-11 15:11:58,082 [INFO]   - B8_C1008: нет свободных портов
2025-06-11 15:11:58,082 [INFO]   - B8_C1009: нет покрытия
2025-06-11 15:11:58,082 [INFO] ----------------------------------------
2025-06-11 15:11:58,082 [INFO] 📦 Набор: set_4
2025-06-11 15:11:58,082 [INFO] ✅ Успешно создано заявок: 2
2025-06-11 15:11:58,082 [INFO]   - B4_C1001: заявка создана
2025-06-11 15:11:58,082 [INFO]   - B4_C1003: заявка создана
2025-06-11 15:11:58,082 [INFO] ❌ Отказы: 8
2025-06-11 15:11:58,082 [INFO]   - B4_C1000: нет покрытия
2025-06-11 15:11:58,082 [INFO]   - B4_C1002: нет покрытия
2025-06-11 15:11:58,082 [INFO]   - B4_C1004: нет свободных портов
2025-06-11 15:11:58,082 [INFO]   - B4_C1005: нет покрытия
2025-06-11 15:11:58,082 [INFO]   - B4_C1006: нет покрытия
2025-06-11 15:11:58,082 [INFO]   - B4_C1007: нет покрытия
2025-06-11 15:11:58,082 [INFO]   - B4_C1008: нет покрытия
2025-06-11 15:11:58,082 [INFO]   - B4_C1009: нет свободных портов
2025-06-11 15:11:58,082 [INFO] ----------------------------------------
